2021-02-22 13:48:02,186 INFO com.abhi.poc.demo.AfterShipAssignmentApplication [main] Starting AfterShipAssignmentApplication on PE-LT7609 with PID 47052 (C:\Users\agalipally\aftership-integration\target\classes started by agalipally in C:\Users\agalipally\aftership-integration)
2021-02-22 13:48:02,186 DEBUG com.abhi.poc.demo.AfterShipAssignmentApplication [main] Running with Spring Boot v2.2.1.RELEASE, Spring v5.2.1.RELEASE
2021-02-22 13:48:02,186 INFO com.abhi.poc.demo.AfterShipAssignmentApplication [main] No active profile set, falling back to default profiles: default
2021-02-22 13:48:04,442 INFO org.springframework.context.support.PostProcessorRegistrationDelegate$BeanPostProcessorChecker [main] Bean 'org.springframework.ws.config.annotation.DelegatingWsConfiguration' of type [org.springframework.ws.config.annotation.DelegatingWsConfiguration$$EnhancerBySpringCGLIB$$bd02a7e2] is not eligible for getting processed by all BeanPostProcessors (for example: not eligible for auto-proxying)
2021-02-22 13:48:04,500 INFO org.springframework.ws.soap.addressing.server.AnnotationActionEndpointMapping [main] Supporting [WS-Addressing August 2004, WS-Addressing 1.0]
2021-02-22 13:48:04,766 INFO org.springframework.boot.web.embedded.tomcat.TomcatWebServer [main] Tomcat initialized with port(s): 8080 (http)
2021-02-22 13:48:04,778 INFO org.apache.coyote.http11.Http11NioProtocol [main] Initializing ProtocolHandler ["http-nio-8080"]
2021-02-22 13:48:04,779 INFO org.apache.catalina.core.StandardService [main] Starting service [Tomcat]
2021-02-22 13:48:04,780 INFO org.apache.catalina.core.StandardEngine [main] Starting Servlet engine: [Apache Tomcat/9.0.27]
2021-02-22 13:48:04,968 INFO org.apache.catalina.core.ContainerBase.[Tomcat].[localhost].[/afterShip/api] [main] Initializing Spring embedded WebApplicationContext
2021-02-22 13:48:04,968 INFO org.springframework.web.context.ContextLoader [main] Root WebApplicationContext: initialization completed in 2141 ms
2021-02-22 13:48:05,060 INFO com.abhi.poc.demo.utils.RestClientUtils [main] init started to create rest template...
2021-02-22 13:48:05,477 INFO springfox.documentation.spring.web.PropertySourcedRequestMappingHandlerMapping [main] Mapped URL path [/v2/api-docs] onto method [springfox.documentation.swagger2.web.Swagger2Controller#getDocumentation(String, HttpServletRequest)]
2021-02-22 13:48:05,609 INFO org.springframework.scheduling.concurrent.ThreadPoolTaskExecutor [main] Initializing ExecutorService 'applicationTaskExecutor'
2021-02-22 13:48:05,869 INFO springfox.documentation.spring.web.plugins.DocumentationPluginsBootstrapper [main] Context refreshed
2021-02-22 13:48:05,900 INFO springfox.documentation.spring.web.plugins.DocumentationPluginsBootstrapper [main] Found 1 custom documentation plugin(s)
2021-02-22 13:48:05,942 INFO springfox.documentation.spring.web.scanners.ApiListingReferenceScanner [main] Scanning for api listing references
2021-02-22 13:48:06,170 INFO org.apache.coyote.http11.Http11NioProtocol [main] Starting ProtocolHandler ["http-nio-8080"]
2021-02-22 13:48:06,203 INFO org.springframework.boot.web.embedded.tomcat.TomcatWebServer [main] Tomcat started on port(s): 8080 (http) with context path '/afterShip/api'
2021-02-22 13:48:06,208 INFO com.abhi.poc.demo.AfterShipAssignmentApplication [main] Started AfterShipAssignmentApplication in 4.661 seconds (JVM running for 6.887)
2021-02-22 13:48:25,535 INFO org.apache.catalina.core.ContainerBase.[Tomcat].[localhost].[/afterShip/api] [http-nio-8080-exec-1] Initializing Spring DispatcherServlet 'dispatcherServlet'
2021-02-22 13:48:25,535 INFO org.springframework.web.servlet.DispatcherServlet [http-nio-8080-exec-1] Initializing Servlet 'dispatcherServlet'
2021-02-22 13:48:25,548 INFO org.springframework.web.servlet.DispatcherServlet [http-nio-8080-exec-1] Completed initialization in 12 ms
2021-02-22 13:48:25,735 INFO com.abhi.poc.demo.controller.ShipmentController [http-nio-8080-exec-1] createTracking() started for the shipment : com.abhi.poc.demo.models.Shipment@200cba15
2021-02-22 13:48:25,735 INFO com.abhi.poc.demo.service.ShipmentService [http-nio-8080-exec-1] createShipment started with params shipmentRequest: com.abhi.poc.demo.models.Shipment@200cba15
2021-02-22 13:48:25,736 INFO com.abhi.poc.demo.utils.ConverterUtils [http-nio-8080-exec-1] prepareTrackingObj started >> shipment: com.abhi.poc.demo.models.Shipment@200cba15
2021-02-22 13:48:25,737 INFO com.abhi.poc.demo.utils.ConverterUtils [http-nio-8080-exec-1] prepareTrackingObj returning trackingPayLoad: com.abhi.poc.demo.models.TrackingPayload@4c90802
2021-02-22 13:48:25,737 INFO com.abhi.poc.demo.utils.RestClientUtils [http-nio-8080-exec-1] postTracking started >> trackingPayload: com.abhi.poc.demo.models.TrackingPayload@4c90802
2021-02-22 13:48:25,737 INFO com.abhi.poc.demo.utils.RestClientUtils [http-nio-8080-exec-1] buildHeaders started
2021-02-22 13:48:25,737 INFO com.abhi.poc.demo.utils.RestClientUtils [http-nio-8080-exec-1] buildHeaders added after ship api key header 
2021-02-22 13:48:25,738 INFO com.abhi.poc.demo.utils.RestClientUtils [http-nio-8080-exec-1] postTracking prepared request to make rest call
2021-02-22 13:48:28,137 INFO com.abhi.poc.demo.utils.ConverterUtils [http-nio-8080-exec-1] prepareShipmentFromResponse  started >> response: com.abhi.poc.demo.models.Response@5ae37aea
2021-02-22 13:48:28,138 INFO com.abhi.poc.demo.utils.ConverterUtils [http-nio-8080-exec-1] prepareShipmentFromResponse returning shipment: com.abhi.poc.demo.models.Shipment@265644c3
2021-02-22 13:48:39,431 INFO org.springframework.boot.admin.SpringApplicationAdminMXBeanRegistrar$SpringApplicationAdmin [RMI TCP Connection(2)-127.0.0.1] Application shutdown requested.
2021-02-22 13:48:39,434 INFO org.springframework.scheduling.concurrent.ThreadPoolTaskExecutor [RMI TCP Connection(2)-127.0.0.1] Shutting down ExecutorService 'applicationTaskExecutor'
2021-02-22 13:48:58,430 INFO com.abhi.poc.demo.AfterShipAssignmentApplication [main] Starting AfterShipAssignmentApplication on PE-LT7609 with PID 29936 (C:\Users\agalipally\aftership-integration\target\classes started by agalipally in C:\Users\agalipally\aftership-integration)
2021-02-22 13:48:58,436 DEBUG com.abhi.poc.demo.AfterShipAssignmentApplication [main] Running with Spring Boot v2.2.1.RELEASE, Spring v5.2.1.RELEASE
2021-02-22 13:48:58,437 INFO com.abhi.poc.demo.AfterShipAssignmentApplication [main] No active profile set, falling back to default profiles: default
2021-02-22 13:49:01,756 INFO org.springframework.context.support.PostProcessorRegistrationDelegate$BeanPostProcessorChecker [main] Bean 'org.springframework.ws.config.annotation.DelegatingWsConfiguration' of type [org.springframework.ws.config.annotation.DelegatingWsConfiguration$$EnhancerBySpringCGLIB$$20c20c4b] is not eligible for getting processed by all BeanPostProcessors (for example: not eligible for auto-proxying)
2021-02-22 13:49:01,841 INFO org.springframework.ws.soap.addressing.server.AnnotationActionEndpointMapping [main] Supporting [WS-Addressing August 2004, WS-Addressing 1.0]
2021-02-22 13:49:02,245 INFO org.springframework.boot.web.embedded.tomcat.TomcatWebServer [main] Tomcat initialized with port(s): 8080 (http)
2021-02-22 13:49:02,262 INFO org.apache.coyote.http11.Http11NioProtocol [main] Initializing ProtocolHandler ["http-nio-8080"]
2021-02-22 13:49:02,263 INFO org.apache.catalina.core.StandardService [main] Starting service [Tomcat]
2021-02-22 13:49:02,264 INFO org.apache.catalina.core.StandardEngine [main] Starting Servlet engine: [Apache Tomcat/9.0.27]
2021-02-22 13:49:02,549 INFO org.apache.catalina.core.ContainerBase.[Tomcat].[localhost].[/afterShip/api] [main] Initializing Spring embedded WebApplicationContext
2021-02-22 13:49:02,550 INFO org.springframework.web.context.ContextLoader [main] Root WebApplicationContext: initialization completed in 3566 ms
2021-02-22 13:49:02,711 INFO com.abhi.poc.demo.utils.RestClientUtils [main] init started to create rest template...
2021-02-22 13:49:03,525 INFO springfox.documentation.spring.web.PropertySourcedRequestMappingHandlerMapping [main] Mapped URL path [/v2/api-docs] onto method [springfox.documentation.swagger2.web.Swagger2Controller#getDocumentation(String, HttpServletRequest)]
2021-02-22 13:49:03,746 INFO org.springframework.scheduling.concurrent.ThreadPoolTaskExecutor [main] Initializing ExecutorService 'applicationTaskExecutor'
2021-02-22 13:49:04,196 INFO springfox.documentation.spring.web.plugins.DocumentationPluginsBootstrapper [main] Context refreshed
2021-02-22 13:49:04,253 INFO springfox.documentation.spring.web.plugins.DocumentationPluginsBootstrapper [main] Found 1 custom documentation plugin(s)
2021-02-22 13:49:04,343 INFO springfox.documentation.spring.web.scanners.ApiListingReferenceScanner [main] Scanning for api listing references
2021-02-22 13:49:04,834 INFO org.apache.coyote.http11.Http11NioProtocol [main] Starting ProtocolHandler ["http-nio-8080"]
2021-02-22 13:49:04,910 INFO org.springframework.boot.web.embedded.tomcat.TomcatWebServer [main] Tomcat started on port(s): 8080 (http) with context path '/afterShip/api'
2021-02-22 13:49:04,919 INFO com.abhi.poc.demo.AfterShipAssignmentApplication [main] Started AfterShipAssignmentApplication in 7.448 seconds (JVM running for 10.616)
2021-02-22 13:49:06,634 INFO org.apache.catalina.core.ContainerBase.[Tomcat].[localhost].[/afterShip/api] [http-nio-8080-exec-3] Initializing Spring DispatcherServlet 'dispatcherServlet'
2021-02-22 13:49:06,635 INFO org.springframework.web.servlet.DispatcherServlet [http-nio-8080-exec-3] Initializing Servlet 'dispatcherServlet'
2021-02-22 13:49:06,652 INFO org.springframework.web.servlet.DispatcherServlet [http-nio-8080-exec-3] Completed initialization in 17 ms
2021-02-22 13:49:06,967 INFO com.abhi.poc.demo.controller.ShipmentController [http-nio-8080-exec-3] createTracking() started for the shipment : com.abhi.poc.demo.models.Shipment@68b27e6d
2021-02-22 13:49:06,968 INFO com.abhi.poc.demo.service.ShipmentService [http-nio-8080-exec-3] createShipment started with params shipmentRequest: com.abhi.poc.demo.models.Shipment@68b27e6d
2021-02-22 13:49:35,008 INFO com.abhi.poc.demo.utils.ConverterUtils [http-nio-8080-exec-3] prepareTrackingObj started >> shipment: com.abhi.poc.demo.models.Shipment@68b27e6d
2021-02-22 13:49:37,519 INFO com.abhi.poc.demo.utils.ConverterUtils [http-nio-8080-exec-3] prepareTrackingObj returning trackingPayLoad: com.abhi.poc.demo.models.TrackingPayload@6edbb45a
2021-02-22 13:49:49,682 INFO com.abhi.poc.demo.utils.ConverterUtils [http-nio-8080-exec-3] prepareTrackingObj started >> shipment: com.abhi.poc.demo.models.Shipment@68b27e6d
2021-02-22 13:50:59,496 INFO com.abhi.poc.demo.utils.ConverterUtils [http-nio-8080-exec-3] prepareTrackingObj returning trackingPayLoad: com.abhi.poc.demo.models.TrackingPayload@411c2dd0
2021-02-22 13:50:59,525 INFO com.abhi.poc.demo.utils.RestClientUtils [http-nio-8080-exec-3] postTracking started >> trackingPayload: com.abhi.poc.demo.models.TrackingPayload@411c2dd0
2021-02-22 13:50:59,526 INFO com.abhi.poc.demo.utils.RestClientUtils [http-nio-8080-exec-3] buildHeaders started
2021-02-22 13:50:59,526 INFO com.abhi.poc.demo.utils.RestClientUtils [http-nio-8080-exec-3] buildHeaders added after ship api key header 
2021-02-22 13:50:59,528 INFO com.abhi.poc.demo.utils.RestClientUtils [http-nio-8080-exec-3] postTracking prepared request to make rest call
2021-02-22 13:51:09,217 INFO com.abhi.poc.demo.utils.RestClientUtils [http-nio-8080-exec-3] postTracking started >> trackingPayload: com.abhi.poc.demo.models.TrackingPayload@6edbb45a
2021-02-22 13:51:09,218 INFO com.abhi.poc.demo.utils.RestClientUtils [http-nio-8080-exec-3] buildHeaders started
2021-02-22 13:51:09,222 INFO com.abhi.poc.demo.utils.RestClientUtils [http-nio-8080-exec-3] buildHeaders added after ship api key header 
2021-02-22 13:51:09,223 INFO com.abhi.poc.demo.utils.RestClientUtils [http-nio-8080-exec-3] postTracking prepared request to make rest call
2021-02-22 13:51:10,388 ERROR com.abhi.poc.demo.exception.GlobalExceptionHandler [http-nio-8080-exec-3] handleApiException - exception : org.springframework.web.client.HttpClientErrorException$BadRequest: 400 Bad Request
	at org.springframework.web.client.HttpClientErrorException.create(HttpClientErrorException.java:79)
	at org.springframework.web.client.DefaultResponseErrorHandler.handleError(DefaultResponseErrorHandler.java:123)
	at org.springframework.web.client.DefaultResponseErrorHandler.handleError(DefaultResponseErrorHandler.java:102)
	at org.springframework.web.client.ResponseErrorHandler.handleError(ResponseErrorHandler.java:63)
	at org.springframework.web.client.RestTemplate.handleResponse(RestTemplate.java:785)
	at org.springframework.web.client.RestTemplate.doExecute(RestTemplate.java:743)
	at org.springframework.web.client.RestTemplate.execute(RestTemplate.java:677)
	at org.springframework.web.client.RestTemplate.exchange(RestTemplate.java:586)
	at com.abhi.poc.demo.utils.RestClientUtils.postTracking(RestClientUtils.java:65)
	at com.abhi.poc.demo.service.ShipmentService.createShipment(ShipmentService.java:43)
	at com.abhi.poc.demo.controller.ShipmentController.createShipment(ShipmentController.java:48)
	at sun.reflect.NativeMethodAccessorImpl.invoke0(Native Method)
	at sun.reflect.NativeMethodAccessorImpl.invoke(NativeMethodAccessorImpl.java:62)
	at sun.reflect.DelegatingMethodAccessorImpl.invoke(DelegatingMethodAccessorImpl.java:43)
	at java.lang.reflect.Method.invoke(Method.java:498)
	at org.springframework.web.method.support.InvocableHandlerMethod.doInvoke(InvocableHandlerMethod.java:190)
	at org.springframework.web.method.support.InvocableHandlerMethod.invokeForRequest(InvocableHandlerMethod.java:138)
	at org.springframework.web.servlet.mvc.method.annotation.ServletInvocableHandlerMethod.invokeAndHandle(ServletInvocableHandlerMethod.java:106)
	at org.springframework.web.servlet.mvc.method.annotation.RequestMappingHandlerAdapter.invokeHandlerMethod(RequestMappingHandlerAdapter.java:888)
	at org.springframework.web.servlet.mvc.method.annotation.RequestMappingHandlerAdapter.handleInternal(RequestMappingHandlerAdapter.java:793)
	at org.springframework.web.servlet.mvc.method.AbstractHandlerMethodAdapter.handle(AbstractHandlerMethodAdapter.java:87)
	at org.springframework.web.servlet.DispatcherServlet.doDispatch(DispatcherServlet.java:1040)
	at org.springframework.web.servlet.DispatcherServlet.doService(DispatcherServlet.java:943)
	at org.springframework.web.servlet.FrameworkServlet.processRequest(FrameworkServlet.java:1006)
	at org.springframework.web.servlet.FrameworkServlet.doPost(FrameworkServlet.java:909)
	at javax.servlet.http.HttpServlet.service(HttpServlet.java:660)
	at org.springframework.web.servlet.FrameworkServlet.service(FrameworkServlet.java:883)
	at javax.servlet.http.HttpServlet.service(HttpServlet.java:741)
	at org.apache.catalina.core.ApplicationFilterChain.internalDoFilter(ApplicationFilterChain.java:231)
	at org.apache.catalina.core.ApplicationFilterChain.doFilter(ApplicationFilterChain.java:166)
	at org.apache.tomcat.websocket.server.WsFilter.doFilter(WsFilter.java:53)
	at org.apache.catalina.core.ApplicationFilterChain.internalDoFilter(ApplicationFilterChain.java:193)
	at org.apache.catalina.core.ApplicationFilterChain.doFilter(ApplicationFilterChain.java:166)
	at org.springframework.web.filter.RequestContextFilter.doFilterInternal(RequestContextFilter.java:100)
	at org.springframework.web.filter.OncePerRequestFilter.doFilter(OncePerRequestFilter.java:119)
	at org.apache.catalina.core.ApplicationFilterChain.internalDoFilter(ApplicationFilterChain.java:193)
	at org.apache.catalina.core.ApplicationFilterChain.doFilter(ApplicationFilterChain.java:166)
	at org.springframework.web.filter.FormContentFilter.doFilterInternal(FormContentFilter.java:93)
	at org.springframework.web.filter.OncePerRequestFilter.doFilter(OncePerRequestFilter.java:119)
	at org.apache.catalina.core.ApplicationFilterChain.internalDoFilter(ApplicationFilterChain.java:193)
	at org.apache.catalina.core.ApplicationFilterChain.doFilter(ApplicationFilterChain.java:166)
	at org.springframework.web.filter.CharacterEncodingFilter.doFilterInternal(CharacterEncodingFilter.java:201)
	at org.springframework.web.filter.OncePerRequestFilter.doFilter(OncePerRequestFilter.java:119)
	at org.apache.catalina.core.ApplicationFilterChain.internalDoFilter(ApplicationFilterChain.java:193)
	at org.apache.catalina.core.ApplicationFilterChain.doFilter(ApplicationFilterChain.java:166)
	at org.apache.catalina.core.StandardWrapperValve.invoke(StandardWrapperValve.java:202)
	at org.apache.catalina.core.StandardContextValve.invoke(StandardContextValve.java:96)
	at org.apache.catalina.authenticator.AuthenticatorBase.invoke(AuthenticatorBase.java:526)
	at org.apache.catalina.core.StandardHostValve.invoke(StandardHostValve.java:139)
	at org.apache.catalina.valves.ErrorReportValve.invoke(ErrorReportValve.java:92)
	at org.apache.catalina.core.StandardEngineValve.invoke(StandardEngineValve.java:74)
	at org.apache.catalina.connector.CoyoteAdapter.service(CoyoteAdapter.java:343)
	at org.apache.coyote.http11.Http11Processor.service(Http11Processor.java:408)
	at org.apache.coyote.AbstractProcessorLight.process(AbstractProcessorLight.java:66)
	at org.apache.coyote.AbstractProtocol$ConnectionHandler.process(AbstractProtocol.java:861)
	at org.apache.tomcat.util.net.NioEndpoint$SocketProcessor.doRun(NioEndpoint.java:1579)
	at org.apache.tomcat.util.net.SocketProcessorBase.run(SocketProcessorBase.java:49)
	at java.util.concurrent.ThreadPoolExecutor.runWorker(ThreadPoolExecutor.java:1149)
	at java.util.concurrent.ThreadPoolExecutor$Worker.run(ThreadPoolExecutor.java:624)
	at org.apache.tomcat.util.threads.TaskThread$WrappingRunnable.run(TaskThread.java:61)
	at java.lang.Thread.run(Thread.java:748)

2021-02-22 13:51:27,648 INFO com.abhi.poc.demo.controller.ShipmentController [http-nio-8080-exec-4] createTracking() started for the shipment : com.abhi.poc.demo.models.Shipment@30c0cf33
2021-02-22 13:51:27,649 INFO com.abhi.poc.demo.service.ShipmentService [http-nio-8080-exec-4] createShipment started with params shipmentRequest: com.abhi.poc.demo.models.Shipment@30c0cf33
2021-02-22 13:51:47,530 INFO com.abhi.poc.demo.utils.ConverterUtils [http-nio-8080-exec-4] prepareTrackingObj started >> shipment: com.abhi.poc.demo.models.Shipment@30c0cf33
2021-02-22 13:55:10,870 INFO com.abhi.poc.demo.utils.ConverterUtils [http-nio-8080-exec-4] prepareTrackingObj returning trackingPayLoad: com.abhi.poc.demo.models.TrackingPayload@3a38a443
2021-02-22 13:55:16,031 INFO com.abhi.poc.demo.utils.RestClientUtils [http-nio-8080-exec-4] postTracking started >> trackingPayload: com.abhi.poc.demo.models.TrackingPayload@3a38a443
2021-02-22 13:55:16,037 INFO com.abhi.poc.demo.utils.RestClientUtils [http-nio-8080-exec-4] buildHeaders started
2021-02-22 13:55:16,042 INFO com.abhi.poc.demo.utils.RestClientUtils [http-nio-8080-exec-4] buildHeaders added after ship api key header 
2021-02-22 13:55:16,049 INFO com.abhi.poc.demo.utils.RestClientUtils [http-nio-8080-exec-4] postTracking prepared request to make rest call
2021-02-22 13:56:38,341 INFO com.abhi.poc.demo.utils.ConverterUtils [http-nio-8080-exec-4] prepareShipmentFromResponse  started >> response: com.abhi.poc.demo.models.Response@4935cce3
2021-02-22 13:57:14,054 INFO com.abhi.poc.demo.utils.ConverterUtils [http-nio-8080-exec-4] prepareShipmentFromResponse returning shipment: com.abhi.poc.demo.models.Shipment@4e0f1761
2021-02-22 14:14:40,673 INFO org.springframework.boot.admin.SpringApplicationAdminMXBeanRegistrar$SpringApplicationAdmin [RMI TCP Connection(2)-127.0.0.1] Application shutdown requested.
2021-02-22 14:14:40,679 INFO org.springframework.scheduling.concurrent.ThreadPoolTaskExecutor [RMI TCP Connection(2)-127.0.0.1] Shutting down ExecutorService 'applicationTaskExecutor'
2021-02-22 14:21:02,743 INFO com.abhi.poc.demo.AfterShipAssignmentApplication [main] Starting AfterShipAssignmentApplication on PE-LT7609 with PID 23412 (C:\Users\agalipally\aftership-integration\target\classes started by agalipally in C:\Users\agalipally\aftership-integration)
2021-02-22 14:21:02,759 DEBUG com.abhi.poc.demo.AfterShipAssignmentApplication [main] Running with Spring Boot v2.2.1.RELEASE, Spring v5.2.1.RELEASE
2021-02-22 14:21:02,759 INFO com.abhi.poc.demo.AfterShipAssignmentApplication [main] No active profile set, falling back to default profiles: default
2021-02-22 14:21:05,668 INFO org.springframework.context.support.PostProcessorRegistrationDelegate$BeanPostProcessorChecker [main] Bean 'org.springframework.ws.config.annotation.DelegatingWsConfiguration' of type [org.springframework.ws.config.annotation.DelegatingWsConfiguration$$EnhancerBySpringCGLIB$$cc5618b1] is not eligible for getting processed by all BeanPostProcessors (for example: not eligible for auto-proxying)
2021-02-22 14:21:05,734 INFO org.springframework.ws.soap.addressing.server.AnnotationActionEndpointMapping [main] Supporting [WS-Addressing August 2004, WS-Addressing 1.0]
2021-02-22 14:21:06,054 INFO org.springframework.boot.web.embedded.tomcat.TomcatWebServer [main] Tomcat initialized with port(s): 8080 (http)
2021-02-22 14:21:06,067 INFO org.apache.coyote.http11.Http11NioProtocol [main] Initializing ProtocolHandler ["http-nio-8080"]
2021-02-22 14:21:06,067 INFO org.apache.catalina.core.StandardService [main] Starting service [Tomcat]
2021-02-22 14:21:06,068 INFO org.apache.catalina.core.StandardEngine [main] Starting Servlet engine: [Apache Tomcat/9.0.27]
2021-02-22 14:21:06,366 INFO org.apache.catalina.core.ContainerBase.[Tomcat].[localhost].[/afterShip/api] [main] Initializing Spring embedded WebApplicationContext
2021-02-22 14:21:06,367 INFO org.springframework.web.context.ContextLoader [main] Root WebApplicationContext: initialization completed in 3083 ms
2021-02-22 14:21:06,514 INFO com.abhi.poc.demo.utils.RestClientUtils [main] init started to create rest template...
2021-02-22 14:21:07,045 INFO springfox.documentation.spring.web.PropertySourcedRequestMappingHandlerMapping [main] Mapped URL path [/v2/api-docs] onto method [springfox.documentation.swagger2.web.Swagger2Controller#getDocumentation(String, HttpServletRequest)]
2021-02-22 14:21:07,178 INFO org.springframework.scheduling.concurrent.ThreadPoolTaskExecutor [main] Initializing ExecutorService 'applicationTaskExecutor'
2021-02-22 14:21:07,495 INFO springfox.documentation.spring.web.plugins.DocumentationPluginsBootstrapper [main] Context refreshed
2021-02-22 14:21:07,529 INFO springfox.documentation.spring.web.plugins.DocumentationPluginsBootstrapper [main] Found 1 custom documentation plugin(s)
2021-02-22 14:21:07,585 INFO springfox.documentation.spring.web.scanners.ApiListingReferenceScanner [main] Scanning for api listing references
2021-02-22 14:21:07,851 INFO org.apache.coyote.http11.Http11NioProtocol [main] Starting ProtocolHandler ["http-nio-8080"]
2021-02-22 14:21:07,912 INFO org.springframework.boot.web.embedded.tomcat.TomcatWebServer [main] Tomcat started on port(s): 8080 (http) with context path '/afterShip/api'
2021-02-22 14:21:07,917 INFO com.abhi.poc.demo.AfterShipAssignmentApplication [main] Started AfterShipAssignmentApplication in 5.774 seconds (JVM running for 8.192)
2021-02-22 14:21:39,624 INFO org.apache.catalina.core.ContainerBase.[Tomcat].[localhost].[/afterShip/api] [http-nio-8080-exec-1] Initializing Spring DispatcherServlet 'dispatcherServlet'
2021-02-22 14:21:39,624 INFO org.springframework.web.servlet.DispatcherServlet [http-nio-8080-exec-1] Initializing Servlet 'dispatcherServlet'
2021-02-22 14:21:39,635 INFO org.springframework.web.servlet.DispatcherServlet [http-nio-8080-exec-1] Completed initialization in 11 ms
2021-02-22 14:21:39,683 INFO com.abhi.poc.demo.controller.ShipmentController [http-nio-8080-exec-1] getShipmentByTrackingNumber stated with params slug: fedex, trackingNumber: 123784553678934540123534
2021-02-22 14:21:39,683 INFO com.abhi.poc.demo.service.ShipmentService [http-nio-8080-exec-1] getTrackingById started with params slig: fedex, trackingNumber: 123784553678934540123534
2021-02-22 14:21:39,683 INFO com.abhi.poc.demo.utils.RestClientUtils [http-nio-8080-exec-1] getTracking started >> slug: fedex, trackingNumber: 123784553678934540123534
2021-02-22 14:21:39,690 INFO com.abhi.poc.demo.utils.RestClientUtils [http-nio-8080-exec-1] buildHeaders started
2021-02-22 14:21:39,690 INFO com.abhi.poc.demo.utils.RestClientUtils [http-nio-8080-exec-1] buildHeaders added after ship api key header 
2021-02-22 14:21:39,693 INFO com.abhi.poc.demo.utils.RestClientUtils [http-nio-8080-exec-1] getTracking prepared request getUrl:https://api.aftership.com/v4/trackings/fedex/123784553678934540123534
2021-02-22 14:21:42,984 INFO com.abhi.poc.demo.utils.ConverterUtils [http-nio-8080-exec-1] prepareShipmentFromResponse  started >> response: com.abhi.poc.demo.models.Response@41281cae
2021-02-22 14:24:29,715 INFO com.abhi.poc.demo.utils.ConverterUtils [http-nio-8080-exec-1] prepareShipmentFromResponse returning shipment: com.abhi.poc.demo.models.Shipment@617e4ba3
2021-02-22 14:24:43,317 INFO com.abhi.poc.demo.controller.ShipmentController [http-nio-8080-exec-3] getShipmentByTrackingNumber stated with params slug: fedex, trackingNumber: 123784553678934540123534
2021-02-22 14:24:43,318 INFO com.abhi.poc.demo.service.ShipmentService [http-nio-8080-exec-3] getTrackingById started with params slig: fedex, trackingNumber: 123784553678934540123534
2021-02-22 14:24:43,318 INFO com.abhi.poc.demo.utils.RestClientUtils [http-nio-8080-exec-3] getTracking started >> slug: fedex, trackingNumber: 123784553678934540123534
2021-02-22 14:24:43,318 INFO com.abhi.poc.demo.utils.RestClientUtils [http-nio-8080-exec-3] buildHeaders started
2021-02-22 14:24:43,318 INFO com.abhi.poc.demo.utils.RestClientUtils [http-nio-8080-exec-3] buildHeaders added after ship api key header 
2021-02-22 14:24:43,319 INFO com.abhi.poc.demo.utils.RestClientUtils [http-nio-8080-exec-3] getTracking prepared request getUrl:https://api.aftership.com/v4/trackings/fedex/123784553678934540123534
2021-02-22 14:24:44,936 INFO com.abhi.poc.demo.utils.ConverterUtils [http-nio-8080-exec-3] prepareShipmentFromResponse  started >> response: com.abhi.poc.demo.models.Response@7ab96b80
2021-02-22 14:24:54,268 INFO com.abhi.poc.demo.utils.ConverterUtils [http-nio-8080-exec-3] prepareShipmentFromResponse  started >> response: com.abhi.poc.demo.models.Response@7ab96b80
2021-02-22 14:25:09,760 INFO com.abhi.poc.demo.utils.ConverterUtils [http-nio-8080-exec-3] prepareShipmentFromResponse returning shipment: com.abhi.poc.demo.models.Shipment@5318fd25
2021-02-22 14:26:08,254 INFO com.abhi.poc.demo.controller.ShipmentController [http-nio-8080-exec-4] createTracking() started for the shipment : com.abhi.poc.demo.models.Shipment@5561bd72
2021-02-22 14:26:08,255 INFO com.abhi.poc.demo.service.ShipmentService [http-nio-8080-exec-4] createShipment started with params shipmentRequest: com.abhi.poc.demo.models.Shipment@5561bd72
2021-02-22 14:26:22,294 INFO com.abhi.poc.demo.utils.ConverterUtils [http-nio-8080-exec-4] prepareTrackingObj started >> shipment: com.abhi.poc.demo.models.Shipment@5561bd72
2021-02-22 14:26:47,685 INFO com.abhi.poc.demo.utils.ConverterUtils [http-nio-8080-exec-4] prepareTrackingObj returning trackingPayLoad: com.abhi.poc.demo.models.TrackingPayload@7883764
2021-02-22 14:26:47,686 INFO com.abhi.poc.demo.utils.RestClientUtils [http-nio-8080-exec-4] postTracking started >> trackingPayload: com.abhi.poc.demo.models.TrackingPayload@7883764
2021-02-22 14:26:47,687 INFO com.abhi.poc.demo.utils.RestClientUtils [http-nio-8080-exec-4] buildHeaders started
2021-02-22 14:26:47,687 INFO com.abhi.poc.demo.utils.RestClientUtils [http-nio-8080-exec-4] buildHeaders added after ship api key header 
2021-02-22 14:26:47,687 INFO com.abhi.poc.demo.utils.RestClientUtils [http-nio-8080-exec-4] postTracking prepared request to make rest call
2021-02-22 14:26:49,224 INFO com.abhi.poc.demo.utils.ConverterUtils [http-nio-8080-exec-4] prepareShipmentFromResponse  started >> response: com.abhi.poc.demo.models.Response@2d54c73f
2021-02-22 14:26:54,959 INFO com.abhi.poc.demo.utils.ConverterUtils [http-nio-8080-exec-4] prepareShipmentFromResponse returning shipment: com.abhi.poc.demo.models.Shipment@6054d33e
2021-02-22 14:28:01,349 INFO com.abhi.poc.demo.controller.ShipmentController [http-nio-8080-exec-6] createTracking() started for the shipment : com.abhi.poc.demo.models.Shipment@63b585d8
2021-02-22 14:28:01,350 INFO com.abhi.poc.demo.service.ShipmentService [http-nio-8080-exec-6] createShipment started with params shipmentRequest: com.abhi.poc.demo.models.Shipment@63b585d8
2021-02-22 14:28:09,584 INFO com.abhi.poc.demo.utils.ConverterUtils [http-nio-8080-exec-6] prepareTrackingObj started >> shipment: com.abhi.poc.demo.models.Shipment@63b585d8
2021-02-22 14:28:40,010 INFO com.abhi.poc.demo.utils.ConverterUtils [http-nio-8080-exec-6] prepareTrackingObj returning trackingPayLoad: com.abhi.poc.demo.models.TrackingPayload@1b9c7254
2021-02-22 14:28:46,089 INFO com.abhi.poc.demo.utils.RestClientUtils [http-nio-8080-exec-6] postTracking started >> trackingPayload: com.abhi.poc.demo.models.TrackingPayload@1b9c7254
2021-02-22 14:28:46,097 INFO com.abhi.poc.demo.utils.RestClientUtils [http-nio-8080-exec-6] buildHeaders started
2021-02-22 14:28:46,101 INFO com.abhi.poc.demo.utils.RestClientUtils [http-nio-8080-exec-6] buildHeaders added after ship api key header 
2021-02-22 14:28:46,105 INFO com.abhi.poc.demo.utils.RestClientUtils [http-nio-8080-exec-6] postTracking prepared request to make rest call
2021-02-22 14:28:55,035 INFO com.abhi.poc.demo.utils.ConverterUtils [http-nio-8080-exec-6] prepareShipmentFromResponse  started >> response: com.abhi.poc.demo.models.Response@26a454de
2021-02-22 14:31:46,831 INFO com.abhi.poc.demo.utils.ConverterUtils [http-nio-8080-exec-6] prepareShipmentFromResponse returning shipment: com.abhi.poc.demo.models.Shipment@786efdbe
2021-02-22 14:32:09,765 INFO com.abhi.poc.demo.controller.ShipmentController [http-nio-8080-exec-8] createTracking() started for the shipment : com.abhi.poc.demo.models.Shipment@59210d0e
2021-02-22 14:32:09,766 INFO com.abhi.poc.demo.service.ShipmentService [http-nio-8080-exec-8] createShipment started with params shipmentRequest: com.abhi.poc.demo.models.Shipment@59210d0e
2021-02-22 14:32:23,406 INFO com.abhi.poc.demo.utils.ConverterUtils [http-nio-8080-exec-8] prepareTrackingObj started >> shipment: com.abhi.poc.demo.models.Shipment@59210d0e
2021-02-22 14:33:21,866 INFO com.abhi.poc.demo.utils.ConverterUtils [http-nio-8080-exec-8] prepareTrackingObj returning trackingPayLoad: com.abhi.poc.demo.models.TrackingPayload@57e6f85a
2021-02-22 14:33:54,744 INFO com.abhi.poc.demo.utils.RestClientUtils [http-nio-8080-exec-8] postTracking started >> trackingPayload: com.abhi.poc.demo.models.TrackingPayload@57e6f85a
2021-02-22 14:35:15,248 INFO com.abhi.poc.demo.utils.RestClientUtils [http-nio-8080-exec-8] buildHeaders started
2021-02-22 14:35:15,257 INFO com.abhi.poc.demo.utils.RestClientUtils [http-nio-8080-exec-8] buildHeaders added after ship api key header 
2021-02-22 14:35:15,820 INFO com.abhi.poc.demo.utils.RestClientUtils [http-nio-8080-exec-8] postTracking prepared request to make rest call
2021-02-22 14:35:58,221 ERROR com.abhi.poc.demo.exception.GlobalExceptionHandler [http-nio-8080-exec-8] handleApiException - exception : org.springframework.web.client.HttpClientErrorException$BadRequest: 400 Bad Request
	at org.springframework.web.client.HttpClientErrorException.create(HttpClientErrorException.java:79)
	at org.springframework.web.client.DefaultResponseErrorHandler.handleError(DefaultResponseErrorHandler.java:123)
	at org.springframework.web.client.DefaultResponseErrorHandler.handleError(DefaultResponseErrorHandler.java:102)
	at org.springframework.web.client.ResponseErrorHandler.handleError(ResponseErrorHandler.java:63)
	at org.springframework.web.client.RestTemplate.handleResponse(RestTemplate.java:785)
	at org.springframework.web.client.RestTemplate.doExecute(RestTemplate.java:743)
	at org.springframework.web.client.RestTemplate.execute(RestTemplate.java:677)
	at org.springframework.web.client.RestTemplate.exchange(RestTemplate.java:586)
	at com.abhi.poc.demo.utils.RestClientUtils.postTracking(RestClientUtils.java:65)
	at com.abhi.poc.demo.service.ShipmentService.createShipment(ShipmentService.java:43)
	at com.abhi.poc.demo.controller.ShipmentController.createShipment(ShipmentController.java:48)
	at sun.reflect.NativeMethodAccessorImpl.invoke0(Native Method)
	at sun.reflect.NativeMethodAccessorImpl.invoke(NativeMethodAccessorImpl.java:62)
	at sun.reflect.DelegatingMethodAccessorImpl.invoke(DelegatingMethodAccessorImpl.java:43)
	at java.lang.reflect.Method.invoke(Method.java:498)
	at org.springframework.web.method.support.InvocableHandlerMethod.doInvoke(InvocableHandlerMethod.java:190)
	at org.springframework.web.method.support.InvocableHandlerMethod.invokeForRequest(InvocableHandlerMethod.java:138)
	at org.springframework.web.servlet.mvc.method.annotation.ServletInvocableHandlerMethod.invokeAndHandle(ServletInvocableHandlerMethod.java:106)
	at org.springframework.web.servlet.mvc.method.annotation.RequestMappingHandlerAdapter.invokeHandlerMethod(RequestMappingHandlerAdapter.java:888)
	at org.springframework.web.servlet.mvc.method.annotation.RequestMappingHandlerAdapter.handleInternal(RequestMappingHandlerAdapter.java:793)
	at org.springframework.web.servlet.mvc.method.AbstractHandlerMethodAdapter.handle(AbstractHandlerMethodAdapter.java:87)
	at org.springframework.web.servlet.DispatcherServlet.doDispatch(DispatcherServlet.java:1040)
	at org.springframework.web.servlet.DispatcherServlet.doService(DispatcherServlet.java:943)
	at org.springframework.web.servlet.FrameworkServlet.processRequest(FrameworkServlet.java:1006)
	at org.springframework.web.servlet.FrameworkServlet.doPost(FrameworkServlet.java:909)
	at javax.servlet.http.HttpServlet.service(HttpServlet.java:660)
	at org.springframework.web.servlet.FrameworkServlet.service(FrameworkServlet.java:883)
	at javax.servlet.http.HttpServlet.service(HttpServlet.java:741)
	at org.apache.catalina.core.ApplicationFilterChain.internalDoFilter(ApplicationFilterChain.java:231)
	at org.apache.catalina.core.ApplicationFilterChain.doFilter(ApplicationFilterChain.java:166)
	at org.apache.tomcat.websocket.server.WsFilter.doFilter(WsFilter.java:53)
	at org.apache.catalina.core.ApplicationFilterChain.internalDoFilter(ApplicationFilterChain.java:193)
	at org.apache.catalina.core.ApplicationFilterChain.doFilter(ApplicationFilterChain.java:166)
	at org.springframework.web.filter.RequestContextFilter.doFilterInternal(RequestContextFilter.java:100)
	at org.springframework.web.filter.OncePerRequestFilter.doFilter(OncePerRequestFilter.java:119)
	at org.apache.catalina.core.ApplicationFilterChain.internalDoFilter(ApplicationFilterChain.java:193)
	at org.apache.catalina.core.ApplicationFilterChain.doFilter(ApplicationFilterChain.java:166)
	at org.springframework.web.filter.FormContentFilter.doFilterInternal(FormContentFilter.java:93)
	at org.springframework.web.filter.OncePerRequestFilter.doFilter(OncePerRequestFilter.java:119)
	at org.apache.catalina.core.ApplicationFilterChain.internalDoFilter(ApplicationFilterChain.java:193)
	at org.apache.catalina.core.ApplicationFilterChain.doFilter(ApplicationFilterChain.java:166)
	at org.springframework.web.filter.CharacterEncodingFilter.doFilterInternal(CharacterEncodingFilter.java:201)
	at org.springframework.web.filter.OncePerRequestFilter.doFilter(OncePerRequestFilter.java:119)
	at org.apache.catalina.core.ApplicationFilterChain.internalDoFilter(ApplicationFilterChain.java:193)
	at org.apache.catalina.core.ApplicationFilterChain.doFilter(ApplicationFilterChain.java:166)
	at org.apache.catalina.core.StandardWrapperValve.invoke(StandardWrapperValve.java:202)
	at org.apache.catalina.core.StandardContextValve.invoke(StandardContextValve.java:96)
	at org.apache.catalina.authenticator.AuthenticatorBase.invoke(AuthenticatorBase.java:526)
	at org.apache.catalina.core.StandardHostValve.invoke(StandardHostValve.java:139)
	at org.apache.catalina.valves.ErrorReportValve.invoke(ErrorReportValve.java:92)
	at org.apache.catalina.core.StandardEngineValve.invoke(StandardEngineValve.java:74)
	at org.apache.catalina.connector.CoyoteAdapter.service(CoyoteAdapter.java:343)
	at org.apache.coyote.http11.Http11Processor.service(Http11Processor.java:408)
	at org.apache.coyote.AbstractProcessorLight.process(AbstractProcessorLight.java:66)
	at org.apache.coyote.AbstractProtocol$ConnectionHandler.process(AbstractProtocol.java:861)
	at org.apache.tomcat.util.net.NioEndpoint$SocketProcessor.doRun(NioEndpoint.java:1579)
	at org.apache.tomcat.util.net.SocketProcessorBase.run(SocketProcessorBase.java:49)
	at java.util.concurrent.ThreadPoolExecutor.runWorker(ThreadPoolExecutor.java:1149)
	at java.util.concurrent.ThreadPoolExecutor$Worker.run(ThreadPoolExecutor.java:624)
	at org.apache.tomcat.util.threads.TaskThread$WrappingRunnable.run(TaskThread.java:61)
	at java.lang.Thread.run(Thread.java:748)

2021-02-22 14:44:10,038 INFO com.abhi.poc.demo.AfterShipAssignmentApplication [main] Starting AfterShipAssignmentApplication on PE-LT7609 with PID 35452 (C:\Users\agalipally\aftership-integration\target\classes started by agalipally in C:\Users\agalipally\aftership-integration)
2021-02-22 14:44:10,043 DEBUG com.abhi.poc.demo.AfterShipAssignmentApplication [main] Running with Spring Boot v2.2.1.RELEASE, Spring v5.2.1.RELEASE
2021-02-22 14:44:10,044 INFO com.abhi.poc.demo.AfterShipAssignmentApplication [main] No active profile set, falling back to default profiles: default
2021-02-22 14:44:12,283 INFO org.springframework.context.support.PostProcessorRegistrationDelegate$BeanPostProcessorChecker [main] Bean 'org.springframework.ws.config.annotation.DelegatingWsConfiguration' of type [org.springframework.ws.config.annotation.DelegatingWsConfiguration$$EnhancerBySpringCGLIB$$e93b875d] is not eligible for getting processed by all BeanPostProcessors (for example: not eligible for auto-proxying)
2021-02-22 14:44:12,407 INFO org.springframework.ws.soap.addressing.server.AnnotationActionEndpointMapping [main] Supporting [WS-Addressing August 2004, WS-Addressing 1.0]
2021-02-22 14:44:12,903 INFO org.springframework.boot.web.embedded.tomcat.TomcatWebServer [main] Tomcat initialized with port(s): 8080 (http)
2021-02-22 14:44:12,919 INFO org.apache.coyote.http11.Http11NioProtocol [main] Initializing ProtocolHandler ["http-nio-8080"]
2021-02-22 14:44:12,920 INFO org.apache.catalina.core.StandardService [main] Starting service [Tomcat]
2021-02-22 14:44:12,920 INFO org.apache.catalina.core.StandardEngine [main] Starting Servlet engine: [Apache Tomcat/9.0.27]
2021-02-22 14:44:13,147 INFO org.apache.catalina.core.ContainerBase.[Tomcat].[localhost].[/afterShip/api] [main] Initializing Spring embedded WebApplicationContext
2021-02-22 14:44:13,147 INFO org.springframework.web.context.ContextLoader [main] Root WebApplicationContext: initialization completed in 2645 ms
2021-02-22 14:44:13,255 INFO com.abhi.poc.demo.utils.RestClientUtils [main] init started to create rest template...
2021-02-22 14:44:13,761 INFO springfox.documentation.spring.web.PropertySourcedRequestMappingHandlerMapping [main] Mapped URL path [/v2/api-docs] onto method [springfox.documentation.swagger2.web.Swagger2Controller#getDocumentation(String, HttpServletRequest)]
2021-02-22 14:44:13,887 INFO org.springframework.scheduling.concurrent.ThreadPoolTaskExecutor [main] Initializing ExecutorService 'applicationTaskExecutor'
2021-02-22 14:44:14,190 INFO springfox.documentation.spring.web.plugins.DocumentationPluginsBootstrapper [main] Context refreshed
2021-02-22 14:44:14,231 INFO springfox.documentation.spring.web.plugins.DocumentationPluginsBootstrapper [main] Found 1 custom documentation plugin(s)
2021-02-22 14:44:14,307 INFO springfox.documentation.spring.web.scanners.ApiListingReferenceScanner [main] Scanning for api listing references
2021-02-22 14:44:14,568 INFO org.apache.coyote.http11.Http11NioProtocol [main] Starting ProtocolHandler ["http-nio-8080"]
2021-02-22 14:44:14,589 INFO org.apache.coyote.http11.Http11NioProtocol [main] Pausing ProtocolHandler ["http-nio-8080"]
2021-02-22 14:44:14,590 INFO org.apache.catalina.core.StandardService [main] Stopping service [Tomcat]
2021-02-22 14:44:14,598 INFO org.apache.coyote.http11.Http11NioProtocol [main] Stopping ProtocolHandler ["http-nio-8080"]
2021-02-22 14:44:14,598 INFO org.apache.coyote.http11.Http11NioProtocol [main] Destroying ProtocolHandler ["http-nio-8080"]
2021-02-22 14:44:14,604 INFO org.springframework.boot.autoconfigure.logging.ConditionEvaluationReportLoggingListener [main] 

Error starting ApplicationContext. To display the conditions report re-run your application with 'debug' enabled.
2021-02-22 14:44:14,612 ERROR org.springframework.boot.diagnostics.LoggingFailureAnalysisReporter [main] 

***************************
APPLICATION FAILED TO START
***************************

Description:

Web server failed to start. Port 8080 was already in use.

Action:

Identify and stop the process that's listening on port 8080 or configure this application to listen on another port.

2021-02-22 14:44:14,616 INFO org.springframework.scheduling.concurrent.ThreadPoolTaskExecutor [main] Shutting down ExecutorService 'applicationTaskExecutor'
2021-02-22 14:44:49,415 INFO com.abhi.poc.demo.controller.ShipmentController [http-nio-8080-exec-10] createTracking() started for the shipment : com.abhi.poc.demo.models.Shipment@3f2679ac
2021-02-22 14:44:49,416 INFO com.abhi.poc.demo.service.ShipmentService [http-nio-8080-exec-10] createShipment started with params shipmentRequest: com.abhi.poc.demo.models.Shipment@3f2679ac
2021-02-22 14:45:03,430 INFO com.abhi.poc.demo.utils.ConverterUtils [http-nio-8080-exec-10] prepareTrackingObj started >> shipment: com.abhi.poc.demo.models.Shipment@3f2679ac
2021-02-22 14:46:32,844 INFO com.abhi.poc.demo.utils.ConverterUtils [http-nio-8080-exec-10] prepareTrackingObj returning trackingPayLoad: com.abhi.poc.demo.models.TrackingPayload@35de12dc
2021-02-22 14:46:35,592 INFO com.abhi.poc.demo.utils.RestClientUtils [http-nio-8080-exec-10] postTracking started >> trackingPayload: com.abhi.poc.demo.models.TrackingPayload@35de12dc
2021-02-22 14:46:40,870 INFO com.abhi.poc.demo.utils.RestClientUtils [http-nio-8080-exec-10] buildHeaders started
2021-02-22 14:46:40,875 INFO com.abhi.poc.demo.utils.RestClientUtils [http-nio-8080-exec-10] buildHeaders added after ship api key header 
2021-02-22 14:46:42,091 INFO com.abhi.poc.demo.utils.RestClientUtils [http-nio-8080-exec-10] postTracking prepared request to make rest call
2021-02-22 14:47:35,296 INFO com.abhi.poc.demo.utils.ConverterUtils [http-nio-8080-exec-10] prepareShipmentFromResponse  started >> response: com.abhi.poc.demo.models.Response@4166d952
2021-02-22 14:48:14,382 INFO com.abhi.poc.demo.utils.ConverterUtils [http-nio-8080-exec-10] prepareShipmentFromResponse returning shipment: com.abhi.poc.demo.models.Shipment@46b6b50
